<?xml version="1.0" encoding="UTF-8"?>
<testng-results ignored="0" total="2" passed="2" failed="0" skipped="0">
  <reporter-output>
  </reporter-output>
  <suite started-at="2024-02-02T20:35:36 PST" name="Default suite" finished-at="2024-02-02T20:36:14 PST" duration-ms="38020">
    <groups>
    </groups>
    <test started-at="2024-02-02T20:35:36 PST" name="Default test" finished-at="2024-02-02T20:36:14 PST" duration-ms="38020">
      <class name="exceldataprovider.ExcelDataProviderDemo">
        <test-method signature="loginTest(java.lang.String,java.lang.Object)[pri:0, instance:exceldataprovider.ExcelDataProviderDemo@128d2484]" started-at="2024-02-02T20:35:38 PST" name="loginTest" data-provider="getData" finished-at="2024-02-02T20:36:14 PST" duration-ms="36225" status="PASS">
          <params>
            <param index="0">
              <value>
                <![CDATA[abc@gmail.com]]>
              </value>
            </param>
            <param index="1">
              <value>
                <![CDATA[12345]]>
              </value>
            </param>
          </params>
          <reporter-output>
          </reporter-output>
        </test-method> <!-- loginTest -->
        <test-method signature="loginTest(java.lang.String,java.lang.Object)[pri:0, instance:exceldataprovider.ExcelDataProviderDemo@128d2484]" started-at="2024-02-02T20:35:38 PST" name="loginTest" data-provider="getData" finished-at="2024-02-02T20:36:05 PST" duration-ms="26711" status="PASS">
          <params>
            <param index="0">
              <value>
                <![CDATA[shailaja.sireesh@gmail.com]]>
              </value>
            </param>
            <param index="1">
              <value>
                <![CDATA[12345]]>
              </value>
            </param>
          </params>
          <reporter-output>
          </reporter-output>
        </test-method> <!-- loginTest -->
      </class> <!-- exceldataprovider.ExcelDataProviderDemo -->
    </test> <!-- Default test -->
  </suite> <!-- Default suite -->
</testng-results>
